<?xml version="1.0" encoding="UTF-8"?>
<!-- Generated by org.testng.reporters.JUnitReportReporter -->
<testsuite hostname="EC2AMAZ-8KL45D2" failures="0" tests="5" name="com.WebOrder.WebOrder_LoginData_AllscenariosTest" time="0.000" errors="0" timestamp="2024-09-26T09:28:20 UTC" skipped="5">
  <testcase classname="com.WebOrder.WebOrder_LoginData_AllscenariosTest" name="login_to_app" time="0.000">
    <skipped/>
  </testcase> <!-- login_to_app -->
  <system-out/>
  <testcase classname="com.WebOrder.WebOrder_LoginData_AllscenariosTest" name="login_to_app" time="0.000">
    <skipped/>
  </testcase> <!-- login_to_app -->
  <system-out/>
  <testcase classname="com.WebOrder.WebOrder_LoginData_AllscenariosTest" name="login_to_app" time="0.000">
    <skipped/>
  </testcase> <!-- login_to_app -->
  <system-out/>
  <testcase classname="com.WebOrder.WebOrder_LoginData_AllscenariosTest" name="login_to_app" time="0.000">
    <skipped/>
  </testcase> <!-- login_to_app -->
  <system-out/>
  <testcase classname="com.WebOrder.WebOrder_LoginData_AllscenariosTest" name="login_to_app" time="0.000">
    <skipped/>
  </testcase> <!-- login_to_app -->
  <system-out/>
</testsuite> <!-- com.WebOrder.WebOrder_LoginData_AllscenariosTest -->
