<?xml version="1.0" encoding="UTF-8"?>
<!-- Generated by org.testng.reporters.JUnitReportReporter -->
<testsuite hostname="EC2AMAZ-8KL45D2" failures="0" tests="2" name="com.WebOrder.ScreenshotForCode$Capture_Screenshot_Example" time="3.562" errors="0" timestamp="2024-09-26T06:15:05 UTC" skipped="0">
  <testcase classname="com.WebOrder.ScreenshotForCode$Capture_Screenshot_Example" name="login_to_app" time="1.294"/>
  <system-out/>
  <testcase classname="com.WebOrder.ScreenshotForCode$Capture_Screenshot_Example" name="create_Order" time="2.268"/>
  <system-out/>
</testsuite> <!-- com.WebOrder.ScreenshotForCode$Capture_Screenshot_Example -->
