<?xml version="1.0" encoding="UTF-8"?>
<!-- Generated by org.testng.reporters.JUnitReportReporter -->
<testsuite hostname="EC2AMAZ-8KL45D2" failures="0" tests="2" name="com.WebOrder.ScreenshotForCode2$Capture_Screenshot_Example" time="3.627" errors="0" timestamp="2024-09-26T06:14:30 UTC" skipped="0">
  <testcase classname="com.WebOrder.ScreenshotForCode2$Capture_Screenshot_Example" name="login_to_app" time="1.233"/>
  <system-out/>
  <testcase classname="com.WebOrder.ScreenshotForCode2$Capture_Screenshot_Example" name="create_Order" time="2.394"/>
  <system-out/>
</testsuite> <!-- com.WebOrder.ScreenshotForCode2$Capture_Screenshot_Example -->
