<?xml version="1.0" encoding="UTF-8"?>
<!-- Generated by org.testng.reporters.JUnitReportReporter -->
<testsuite hostname="EC2AMAZ-8KL45D2" failures="0" tests="3" name="com.WebOrder.java_popup_alert_ceheck" time="0.368" errors="0" timestamp="2024-09-25T08:53:04 UTC" skipped="0">
  <testcase classname="com.WebOrder.java_popup_alert_ceheck" name="JS_Prompt" time="0.125"/>
  <system-out/>
  <testcase classname="com.WebOrder.java_popup_alert_ceheck" name="JS_Alert" time="0.127"/>
  <system-out/>
  <testcase classname="com.WebOrder.java_popup_alert_ceheck" name="JS_Confirm" time="0.116"/>
  <system-out/>
</testsuite> <!-- com.WebOrder.java_popup_alert_ceheck -->
