<?xml version="1.0" encoding="UTF-8"?>
<!-- Generated by org.testng.reporters.JUnitReportReporter -->
<testsuite hostname="EC2AMAZ-8KL45D2" failures="0" tests="1" name="com.WebOrder.DifferentDeviceTesting_OR_D" time="1.461" errors="0" timestamp="2024-09-25T09:10:05 UTC" skipped="0">
  <testcase classname="com.WebOrder.DifferentDeviceTesting_OR_D" name="SignOn" time="1.461"/>
  <system-out/>
</testsuite> <!-- com.WebOrder.DifferentDeviceTesting_OR_D -->
