<?xml version="1.0" encoding="UTF-8"?>
<!-- Generated by org.testng.reporters.JUnitReportReporter -->
<testsuite hostname="EC2AMAZ-8KL45D2" failures="0" tests="3" name="com.WebOrder.BaseClassBrowser" time="6.607" errors="0" timestamp="2024-09-25T04:26:44 UTC" skipped="0">
  <testcase classname="com.WebOrder.BaseClassBrowser" name="login_to_app" time="2.976"/>
  <system-out/>
  <testcase classname="com.WebOrder.BaseClassBrowser" name="login_to_app" time="1.684"/>
  <system-out/>
  <testcase classname="com.WebOrder.BaseClassBrowser" name="login_to_app" time="1.947"/>
  <system-out/>
</testsuite> <!-- com.WebOrder.BaseClassBrowser -->
