<?xml version="1.0" encoding="UTF-8"?>
<!-- Generated by org.testng.reporters.JUnitReportReporter -->
<testsuite hostname="EC2AMAZ-8KL45D2" failures="0" tests="2" name="com.assignments.assignment03_1" time="20.505" errors="0" timestamp="2024-09-26T03:56:51 UTC" skipped="1">
  <testcase classname="com.assignments.assignment03_1" name="pass_check" time="20.505"/>
  <system-out/>
  <testcase classname="com.assignments.assignment03_1" name="empty_login">
    <skipped/>
  </testcase> <!-- empty_login -->
  <system-out/>
</testsuite> <!-- com.assignments.assignment03_1 -->
