<?xml version="1.0" encoding="UTF-8"?>
<!-- Generated by org.testng.reporters.JUnitReportReporter -->
<testsuite hostname="EC2AMAZ-8KL45D2" failures="0" tests="3" name="com.assignments.assignment01" time="1.850" errors="0" timestamp="2024-09-25T03:34:57 UTC" skipped="0">
  <testcase classname="com.assignments.assignment01" name="Create_Order" time="0.622"/>
  <system-out/>
  <testcase classname="com.assignments.assignment01" name="Create_Order" time="0.601"/>
  <system-out/>
  <testcase classname="com.assignments.assignment01" name="Create_Order" time="0.627"/>
  <system-out/>
</testsuite> <!-- com.assignments.assignment01 -->
