<?xml version="1.0" encoding="UTF-8"?>
<!-- Generated by org.testng.reporters.JUnitReportReporter -->
<testsuite hostname="EC2AMAZ-8KL45D2" failures="0" tests="3" name="com.WebOrder.WebOrder_UpdateOrder_VerifyOrder" time="12.032" errors="0" timestamp="2024-09-25T06:48:22 UTC" skipped="0">
  <testcase classname="com.WebOrder.WebOrder_UpdateOrder_VerifyOrder" name="login_to_app" time="1.096"/>
  <system-out/>
  <testcase classname="com.WebOrder.WebOrder_UpdateOrder_VerifyOrder" name="create_Order" time="6.827"/>
  <system-out/>
  <testcase classname="com.WebOrder.WebOrder_UpdateOrder_VerifyOrder" name="update_order" time="4.109"/>
  <system-out/>
</testsuite> <!-- com.WebOrder.WebOrder_UpdateOrder_VerifyOrder -->
