<?xml version="1.0" encoding="UTF-8"?>
<!-- Generated by org.testng.reporters.JUnitReportReporter -->
<testsuite hostname="EC2AMAZ-8KL45D2" failures="0" tests="3" name="com.WebOrder.CrossBrowserTest" time="6.216" errors="0" timestamp="2024-09-25T04:13:58 UTC" skipped="0">
  <testcase classname="com.WebOrder.CrossBrowserTest" name="login_to_app" time="1.908"/>
  <system-out/>
  <testcase classname="com.WebOrder.CrossBrowserTest" name="login_to_app" time="2.068"/>
  <system-out/>
  <testcase classname="com.WebOrder.CrossBrowserTest" name="login_to_app" time="2.240"/>
  <system-out/>
</testsuite> <!-- com.WebOrder.CrossBrowserTest -->
