<?xml version="1.0" encoding="UTF-8"?>
<!-- Generated by org.testng.reporters.JUnitReportReporter -->
<testsuite hostname="EC2AMAZ-8KL45D2" failures="0" tests="7" name="com.WebOrder.webOrdeerCreateorder_All_Tcs" time="0.001" errors="0" timestamp="2024-09-26T09:28:20 UTC" skipped="7">
  <testcase classname="com.WebOrder.webOrdeerCreateorder_All_Tcs" name="Create_Order" time="0.000">
    <skipped/>
  </testcase> <!-- Create_Order -->
  <system-out/>
  <testcase classname="com.WebOrder.webOrdeerCreateorder_All_Tcs" name="Create_Order" time="0.000">
    <skipped/>
  </testcase> <!-- Create_Order -->
  <system-out/>
  <testcase classname="com.WebOrder.webOrdeerCreateorder_All_Tcs" name="Create_Order" time="0.001">
    <skipped/>
  </testcase> <!-- Create_Order -->
  <system-out/>
  <testcase classname="com.WebOrder.webOrdeerCreateorder_All_Tcs" name="Create_Order" time="0.000">
    <skipped/>
  </testcase> <!-- Create_Order -->
  <system-out/>
  <testcase classname="com.WebOrder.webOrdeerCreateorder_All_Tcs" name="Create_Order" time="0.000">
    <skipped/>
  </testcase> <!-- Create_Order -->
  <system-out/>
  <testcase classname="com.WebOrder.webOrdeerCreateorder_All_Tcs" name="Create_Order" time="0.000">
    <skipped/>
  </testcase> <!-- Create_Order -->
  <system-out/>
  <testcase classname="com.WebOrder.webOrdeerCreateorder_All_Tcs" name="Create_Order" time="0.000">
    <skipped/>
  </testcase> <!-- Create_Order -->
  <system-out/>
</testsuite> <!-- com.WebOrder.webOrdeerCreateorder_All_Tcs -->
