<?xml version="1.0" encoding="UTF-8"?>
<!-- Generated by org.testng.reporters.JUnitReportReporter -->
<testsuite hostname="EC2AMAZ-8KL45D2" failures="0" tests="2" name="com.WebOrder.WebCode" time="2.652" errors="0" timestamp="2024-09-23T10:07:51 UTC" skipped="0">
  <testcase classname="com.WebOrder.WebCode" name="login_to_app" time="0.893"/>
  <system-out/>
  <testcase classname="com.WebOrder.WebCode" name="create_Order" time="1.759"/>
  <system-out/>
</testsuite> <!-- com.WebOrder.WebCode -->
