<?xml version="1.0" encoding="UTF-8"?>
<!-- Generated by org.testng.reporters.JUnitReportReporter -->
<testsuite hostname="EC2AMAZ-8KL45D2" failures="0" tests="2" name="Assignment_NOTES_UI.Bas_Class" time="8.234" errors="0" timestamp="2024-10-10T04:09:28 UTC" skipped="0">
  <testcase classname="Assignment_NOTES_UI.Bas_Class" name="login_to_app" time="8.180"/>
  <system-out/>
  <testcase classname="Assignment_NOTES_UI.Bas_Class" name="delete" time="0.054"/>
  <system-out/>
</testsuite> <!-- Assignment_NOTES_UI.Bas_Class -->
