<?xml version="1.0" encoding="UTF-8"?>
<!-- Generated by org.testng.reporters.JUnitReportReporter -->
<testsuite hostname="EC2AMAZ-8KL45D2" failures="0" tests="15" name="com.WebOrder.webOrder_entry" time="43.271" errors="0" timestamp="2024-09-24T08:40:14 UTC" skipped="0">
  <testcase classname="com.WebOrder.webOrder_entry" name="create_order" time="2.610"/>
  <system-out/>
  <testcase classname="com.WebOrder.webOrder_entry" name="create_order" time="2.559"/>
  <system-out/>
  <testcase classname="com.WebOrder.webOrder_entry" name="create_order" time="3.370"/>
  <system-out/>
  <testcase classname="com.WebOrder.webOrder_entry" name="create_order" time="2.910"/>
  <system-out/>
  <testcase classname="com.WebOrder.webOrder_entry" name="create_order" time="3.121"/>
  <system-out/>
  <testcase classname="com.WebOrder.webOrder_entry" name="create_order" time="3.221"/>
  <system-out/>
  <testcase classname="com.WebOrder.webOrder_entry" name="create_order" time="2.688"/>
  <system-out/>
  <testcase classname="com.WebOrder.webOrder_entry" name="create_order" time="2.959"/>
  <system-out/>
  <testcase classname="com.WebOrder.webOrder_entry" name="create_order" time="3.056"/>
  <system-out/>
  <testcase classname="com.WebOrder.webOrder_entry" name="create_order" time="2.774"/>
  <system-out/>
  <testcase classname="com.WebOrder.webOrder_entry" name="create_order" time="2.689"/>
  <system-out/>
  <testcase classname="com.WebOrder.webOrder_entry" name="create_order" time="2.873"/>
  <system-out/>
  <testcase classname="com.WebOrder.webOrder_entry" name="create_order" time="2.550"/>
  <system-out/>
  <testcase classname="com.WebOrder.webOrder_entry" name="create_order" time="2.841"/>
  <system-out/>
  <testcase classname="com.WebOrder.webOrder_entry" name="create_order" time="3.050"/>
  <system-out/>
</testsuite> <!-- com.WebOrder.webOrder_entry -->
