<?xml version="1.0" encoding="UTF-8"?>
<!-- Generated by org.testng.reporters.JUnitReportReporter -->
<testsuite hostname="EC2AMAZ-8KL45D2" failures="0" tests="1" name="com.WebOrder.webOrder_HeadlessBrowsers" time="7.960" errors="0" timestamp="2024-09-25T03:43:40 UTC" skipped="0">
  <testcase classname="com.WebOrder.webOrder_HeadlessBrowsers" name="Firefox_Headless" time="7.960"/>
  <system-out/>
</testsuite> <!-- com.WebOrder.webOrder_HeadlessBrowsers -->
