<?xml version="1.0" encoding="UTF-8"?>
<!-- Generated by org.testng.reporters.JUnitReportReporter -->
<testsuite hostname="EC2AMAZ-8KL45D2" failures="0" tests="2" name="com.WebOrder.Mouse_Hover_Application" time="17.193" errors="0" timestamp="2024-09-26T04:59:52 UTC" skipped="1">
  <testcase classname="com.WebOrder.Mouse_Hover_Application" name="MouseHoverDemo" time="17.193"/>
  <system-out/>
  <testcase classname="com.WebOrder.Mouse_Hover_Application" name="MouseHoverYatra">
    <skipped/>
  </testcase> <!-- MouseHoverYatra -->
  <system-out/>
</testsuite> <!-- com.WebOrder.Mouse_Hover_Application -->
